* Преобразование файла /Users/Stefan/Desktop/program1/ИбеЃ§≠®™®/Unit5.pas *
Кодировка изменена с ISO-8859-1 на UTF-8
* Исправление файла формы /Users/Stefan/Desktop/program1/ИбеЃ§≠®™®/Unit5.lfm *
Removed property "TextHeight".
Removed property "PixelsPerInch".
Removed property "OnShow".
Removed property "Position".
Removed property "OldCreateOrder".
Removed property "Font.Style".
Removed property "Font.Name".
Removed property "Font.Height".
Removed property "Font.Color".
Removed property "Font.Charset".
Removed property "Color".
Removed property "ClientWidth".
Removed property "ClientHeight".
Removed property "Caption".
Removed property "Top".
Removed property "Left".
Преобразование прервано.
